<?xml version="1.0" encoding="utf-8"?><testsuite errors="1" failures="0" name="pytest" skips="0" tests="0" time="8.676"><testcase classname="scripts.FileUpload.CheckFileUpload" name="test_local_upload" time="8.2324051857"><error message="test setup failure">Traceback (most recent call last):
  File &quot;/Users/adam/work/saunter/py.saunter-examples/picpaste/webdriver/scripts/FileUpload.py&quot;, line 8, in setup_method
    self.u = Upload(self.driver).open().wait_until_loaded()
  File &quot;/Users/adam/work/saunter/py.saunter-examples/picpaste/webdriver/modules/pages/upload.py&quot;, line 43, in wait_until_loaded
    self.short_wait.until(lambda driver: driver.find_element_by_locator(locators[&apos;upload&apos;]))
AttributeError: &apos;Upload&apos; object has no attribute &apos;short_wait&apos;</error></testcase></testsuite>